<?xml version="1.0" encoding="UTF-8"?>
<!-- Generated by org.testng.reporters.JUnitXMLReporter -->
<testsuite ignored="0" hostname="Gsstvl50" failures="0" tests="2" name="Test1" time="10.682" errors="0" timestamp="2025-02-21T14:16:16 IST">
  <testcase classname="testCases.RegistrationTestCase" name="register" time="8.854"/>
  <testcase classname="testCases.RegistrationTestCase" name="registerWithDetails" time="0.0">
    <skipped/>
  </testcase> <!-- registerWithDetails -->
</testsuite> <!-- Test1 -->
